Build started 3/27/2017 5:47:27 PM.
     1>Project "C:\Users\User\Documents\GitHub\GJK\GJK\GJK.vcxproj" on node 2 (Build target(s)).
     1>ClCompile:
         C:\Program Files (x86)\Microsoft Visual Studio 12.0\VC\bin\CL.exe /c /I"C:\Development Libraries\SFML-2.4.0\include" /ZI /nologo /W3 /WX- /Od /Oy- /D SFML_STATIC /D WIN32 /D _DEBUG /D _CONSOLE /D _LIB /D _UNICODE /D UNICODE /Gm /EHsc /RTC1 /MDd /GS /fp:precise /Zc:wchar_t /Zc:forScope /Fo"Debug\\" /Fd"Debug\vc120.pdb" /Gd /TP /analyze- /errorReport:prompt ConcaveShape.cpp ConvexShape.cpp GridManager.cpp IShape.cpp main.cpp Math.cpp
         Math.cpp
         main.cpp
     1>c:\users\user\documents\github\gjk\gjk\main.cpp(37): warning C4244: 'argument' : conversion from 'int' to 'float', possible loss of data
     1>c:\users\user\documents\github\gjk\gjk\main.cpp(39): warning C4244: 'argument' : conversion from 'int' to 'float', possible loss of data
     1>c:\users\user\documents\github\gjk\gjk\main.cpp(45): warning C4244: 'argument' : conversion from 'int' to 'float', possible loss of data
     1>c:\users\user\documents\github\gjk\gjk\main.cpp(47): warning C4244: 'argument' : conversion from 'int' to 'float', possible loss of data
         IShape.cpp
     1>c:\users\user\documents\github\gjk\gjk\ishape.cpp(76): warning C4244: 'argument' : conversion from 'float' to 'sf::Uint8', possible loss of data
     1>c:\users\user\documents\github\gjk\gjk\ishape.cpp(77): warning C4244: 'argument' : conversion from 'float' to 'sf::Uint8', possible loss of data
         GridManager.cpp
     1>c:\users\user\documents\github\gjk\gjk\gridmanager.cpp(10): warning C4244: 'argument' : conversion from 'const int' to 'float', possible loss of data
     1>c:\users\user\documents\github\gjk\gjk\gridmanager.cpp(28): warning C4244: 'argument' : conversion from 'const int' to 'float', possible loss of data
     1>c:\users\user\documents\github\gjk\gjk\gridmanager.cpp(28): warning C4244: 'argument' : conversion from 'int' to 'float', possible loss of data
     1>c:\users\user\documents\github\gjk\gjk\gridmanager.cpp(45): warning C4244: 'argument' : conversion from 'const int' to 'float', possible loss of data
     1>c:\users\user\documents\github\gjk\gjk\gridmanager.cpp(45): warning C4244: 'argument' : conversion from 'int' to 'float', possible loss of data
     1>c:\users\user\documents\github\gjk\gjk\gridmanager.cpp(102): warning C4244: 'argument' : conversion from 'const int' to 'float', possible loss of data
     1>c:\users\user\documents\github\gjk\gjk\gridmanager.cpp(104): warning C4244: 'argument' : conversion from 'const int' to 'float', possible loss of data
     1>c:\users\user\documents\github\gjk\gjk\gridmanager.cpp(128): warning C4244: 'argument' : conversion from 'int' to 'float', possible loss of data
         ConvexShape.cpp
     1>c:\users\user\documents\github\gjk\gjk\convexshape.cpp(11): warning C4018: '<' : signed/unsigned mismatch
     1>c:\users\user\documents\github\gjk\gjk\convexshape.cpp(42): warning C4018: '<' : signed/unsigned mismatch
         ConcaveShape.cpp
         Generating Code...
       Link:
         C:\Program Files (x86)\Microsoft Visual Studio 12.0\VC\bin\link.exe /ERRORREPORT:PROMPT /OUT:"C:\Users\User\Documents\GitHub\GJK\Debug\GJK.exe" /INCREMENTAL /NOLOGO /LIBPATH:"C:\Development Libraries\glew-2.0.0\lib\Release\Win32" /LIBPATH:"C:\Development Libraries\SFML-2.4.0\lib" "sfml-graphics-s-d.lib" "sfml-system-s-d.lib" "sfml-window-s-d.lib" opengl32.lib glu32.lib glew32s.lib winmm.lib gdi32.lib jpeg.lib freetype.lib kernel32.lib user32.lib gdi32.lib winspool.lib comdlg32.lib advapi32.lib shell32.lib ole32.lib oleaut32.lib uuid.lib odbc32.lib odbccp32.lib /MANIFEST /MANIFESTUAC:"level='asInvoker' uiAccess='false'" /manifest:embed /DEBUG /PDB:"C:\Users\User\Documents\GitHub\GJK\Debug\GJK.pdb" /SUBSYSTEM:CONSOLE /TLBID:1 /DYNAMICBASE /NXCOMPAT /IMPLIB:"C:\Users\User\Documents\GitHub\GJK\Debug\GJK.lib" /MACHINE:X86 Debug\ConcaveShape.obj
         Debug\ConvexShape.obj
         Debug\GridManager.obj
         Debug\IShape.obj
         Debug\main.obj
         Debug\Math.obj
         GJK.vcxproj -> C:\Users\User\Documents\GitHub\GJK\Debug\GJK.exe
     1>Done Building Project "C:\Users\User\Documents\GitHub\GJK\GJK\GJK.vcxproj" (Build target(s)).

Build succeeded.

Time Elapsed 00:00:05.33
